This is pdfTeX, Version 3.14159265-2.6-1.40.16 (TeX Live 2015/Debian) (preloaded format=pdflatex 2016.10.2)  31 OCT 2016 17:27
entering extended mode
 restricted \write18 enabled.
 %&-line parsing enabled.
**report.tex
(./report.tex
LaTeX2e <2016/02/01>
Babel <3.9q> and hyphenation patterns for 81 language(s) loaded.
(/usr/share/texlive/texmf-dist/tex/latex/base/article.cls
Document Class: article 2014/09/29 v1.4h Standard LaTeX document class
(/usr/share/texlive/texmf-dist/tex/latex/base/size10.clo
File: size10.clo 2014/09/29 v1.4h Standard LaTeX file (size option)
)
\c@part=\count79
\c@section=\count80
\c@subsection=\count81
\c@subsubsection=\count82
\c@paragraph=\count83
\c@subparagraph=\count84
\c@figure=\count85
\c@table=\count86
\abovecaptionskip=\skip41
\belowcaptionskip=\skip42
\bibindent=\dimen102
)
(/usr/share/texlive/texmf-dist/tex/latex/listings/listings.sty
(/usr/share/texlive/texmf-dist/tex/latex/graphics/keyval.sty
Package: keyval 2014/10/28 v1.15 key=value parser (DPC)
\KV@toks@=\toks14
)
\lst@mode=\count87
\lst@gtempboxa=\box26
\lst@token=\toks15
\lst@length=\count88
\lst@currlwidth=\dimen103
\lst@column=\count89
\lst@pos=\count90
\lst@lostspace=\dimen104
\lst@width=\dimen105
\lst@newlines=\count91
\lst@lineno=\count92
\lst@maxwidth=\dimen106

(/usr/share/texlive/texmf-dist/tex/latex/listings/lstmisc.sty
File: lstmisc.sty 2015/06/04 1.6 (Carsten Heinz)
\c@lstnumber=\count93
\lst@skipnumbers=\count94
\lst@framebox=\box27
)
(/usr/share/texlive/texmf-dist/tex/latex/listings/listings.cfg
File: listings.cfg 2015/06/04 1.6 listings configuration
))
Package: listings 2015/06/04 1.6 (Carsten Heinz)

(/usr/share/texlive/texmf-dist/tex/latex/base/fontenc.sty
Package: fontenc 2005/09/27 v1.99g Standard LaTeX package

(/usr/share/texlive/texmf-dist/tex/latex/base/t1enc.def
File: t1enc.def 2005/09/27 v1.99g Standard LaTeX file
LaTeX Font Info:    Redeclaring font encoding T1 on input line 48.
))
(/usr/share/texlive/texmf-dist/tex/latex/graphics/color.sty
Package: color 2016/01/03 v1.1b Standard LaTeX Color (DPC)

(/usr/share/texlive/texmf-dist/tex/latex/latexconfig/color.cfg
File: color.cfg 2007/01/18 v1.5 color configuration of teTeX/TeXLive
)
Package color Info: Driver file: pdftex.def on input line 143.

(/usr/share/texlive/texmf-dist/tex/latex/pdftex-def/pdftex.def
File: pdftex.def 2011/05/27 v0.06d Graphics/color for pdfTeX

(/usr/share/texlive/texmf-dist/tex/generic/oberdiek/infwarerr.sty
Package: infwarerr 2010/04/08 v1.3 Providing info/warning/error messages (HO)
)
(/usr/share/texlive/texmf-dist/tex/generic/oberdiek/ltxcmds.sty
Package: ltxcmds 2011/11/09 v1.22 LaTeX kernel commands for general use (HO)
)
\Gread@gobject=\count95
))
(/usr/share/texlive/texmf-dist/tex/latex/url/url.sty
\Urlmuskip=\muskip10
Package: url 2013/09/16  ver 3.4  Verb mode for urls, etc.
)
(/usr/share/texlive/texmf-dist/tex/latex/pxfonts/pxfonts.sty
Package: pxfonts 2008/01/22 v1.1.1
LaTeX Font Info:    Redeclaring symbol font `operators' on input line 21.
LaTeX Font Info:    Overwriting symbol font `operators' in version `normal'
(Font)                  OT1/cmr/m/n --> OT1/pxr/m/n on input line 21.
LaTeX Font Info:    Overwriting symbol font `operators' in version `bold'
(Font)                  OT1/cmr/bx/n --> OT1/pxr/m/n on input line 21.
LaTeX Font Info:    Overwriting symbol font `operators' in version `bold'
(Font)                  OT1/pxr/m/n --> OT1/pxr/bx/n on input line 22.
\symitalic=\mathgroup4
LaTeX Font Info:    Overwriting symbol font `italic' in version `bold'
(Font)                  OT1/pxr/m/it --> OT1/pxr/bx/it on input line 26.
LaTeX Font Info:    Redeclaring math alphabet \mathbf on input line 29.
LaTeX Font Info:    Overwriting math alphabet `\mathbf' in version `normal'
(Font)                  OT1/cmr/bx/n --> OT1/pxr/bx/n on input line 29.
LaTeX Font Info:    Overwriting math alphabet `\mathbf' in version `bold'
(Font)                  OT1/cmr/bx/n --> OT1/pxr/bx/n on input line 29.
LaTeX Font Info:    Redeclaring math alphabet \mathit on input line 30.
LaTeX Font Info:    Overwriting math alphabet `\mathit' in version `normal'
(Font)                  OT1/cmr/m/it --> OT1/pxr/m/it on input line 30.
LaTeX Font Info:    Overwriting math alphabet `\mathit' in version `bold'
(Font)                  OT1/cmr/bx/it --> OT1/pxr/m/it on input line 30.
LaTeX Font Info:    Overwriting math alphabet `\mathit' in version `bold'
(Font)                  OT1/pxr/m/it --> OT1/pxr/bx/it on input line 31.
LaTeX Font Info:    Redeclaring math alphabet \mathsf on input line 40.
LaTeX Font Info:    Overwriting math alphabet `\mathsf' in version `normal'
(Font)                  OT1/cmss/m/n --> OT1/pxss/m/n on input line 40.
LaTeX Font Info:    Overwriting math alphabet `\mathsf' in version `bold'
(Font)                  OT1/cmss/bx/n --> OT1/pxss/m/n on input line 40.
LaTeX Font Info:    Overwriting math alphabet `\mathsf' in version `bold'
(Font)                  OT1/pxss/m/n --> OT1/pxss/b/n on input line 41.
LaTeX Font Info:    Redeclaring math alphabet \mathtt on input line 50.
LaTeX Font Info:    Overwriting math alphabet `\mathtt' in version `normal'
(Font)                  OT1/cmtt/m/n --> OT1/pxtt/m/n on input line 50.
LaTeX Font Info:    Overwriting math alphabet `\mathtt' in version `bold'
(Font)                  OT1/cmtt/m/n --> OT1/pxtt/m/n on input line 50.
LaTeX Font Info:    Overwriting math alphabet `\mathtt' in version `bold'
(Font)                  OT1/pxtt/m/n --> OT1/pxtt/b/n on input line 51.
LaTeX Font Info:    Redeclaring symbol font `letters' on input line 58.
LaTeX Font Info:    Overwriting symbol font `letters' in version `normal'
(Font)                  OML/cmm/m/it --> OML/pxmi/m/it on input line 58.
LaTeX Font Info:    Overwriting symbol font `letters' in version `bold'
(Font)                  OML/cmm/b/it --> OML/pxmi/m/it on input line 58.
LaTeX Font Info:    Overwriting symbol font `letters' in version `bold'
(Font)                  OML/pxmi/m/it --> OML/pxmi/bx/it on input line 59.
\symlettersA=\mathgroup5
LaTeX Font Info:    Overwriting symbol font `lettersA' in version `bold'
(Font)                  U/pxmia/m/it --> U/pxmia/bx/it on input line 67.
LaTeX Font Info:    Redeclaring symbol font `symbols' on input line 77.
LaTeX Font Info:    Overwriting symbol font `symbols' in version `normal'
(Font)                  OMS/cmsy/m/n --> OMS/pxsy/m/n on input line 77.
LaTeX Font Info:    Overwriting symbol font `symbols' in version `bold'
(Font)                  OMS/cmsy/b/n --> OMS/pxsy/m/n on input line 77.
LaTeX Font Info:    Overwriting symbol font `symbols' in version `bold'
(Font)                  OMS/pxsy/m/n --> OMS/pxsy/bx/n on input line 78.
\symAMSa=\mathgroup6
LaTeX Font Info:    Overwriting symbol font `AMSa' in version `bold'
(Font)                  U/pxsya/m/n --> U/pxsya/bx/n on input line 94.
\symAMSb=\mathgroup7
LaTeX Font Info:    Overwriting symbol font `AMSb' in version `bold'
(Font)                  U/pxsyb/m/n --> U/pxsyb/bx/n on input line 103.
\symsymbolsC=\mathgroup8
LaTeX Font Info:    Overwriting symbol font `symbolsC' in version `bold'
(Font)                  U/pxsyc/m/n --> U/pxsyc/bx/n on input line 113.
LaTeX Font Info:    Redeclaring symbol font `largesymbols' on input line 120.
LaTeX Font Info:    Overwriting symbol font `largesymbols' in version `normal'
(Font)                  OMX/cmex/m/n --> OMX/pxex/m/n on input line 120.
LaTeX Font Info:    Overwriting symbol font `largesymbols' in version `bold'
(Font)                  OMX/cmex/m/n --> OMX/pxex/m/n on input line 120.
LaTeX Font Info:    Overwriting symbol font `largesymbols' in version `bold'
(Font)                  OMX/pxex/m/n --> OMX/pxex/bx/n on input line 121.
\symlargesymbolsA=\mathgroup9
LaTeX Font Info:    Overwriting symbol font `largesymbolsA' in version `bold'
(Font)                  U/pxexa/m/n --> U/pxexa/bx/n on input line 129.
LaTeX Info: Redefining \not on input line 997.
)
(/usr/share/texlive/texmf-dist/tex/latex/graphics/graphicx.sty
Package: graphicx 2014/10/28 v1.0g Enhanced LaTeX Graphics (DPC,SPQR)

(/usr/share/texlive/texmf-dist/tex/latex/graphics/graphics.sty
Package: graphics 2016/01/03 v1.0q Standard LaTeX Graphics (DPC,SPQR)

(/usr/share/texlive/texmf-dist/tex/latex/graphics/trig.sty
Package: trig 2016/01/03 v1.10 sin cos tan (DPC)
)
(/usr/share/texlive/texmf-dist/tex/latex/latexconfig/graphics.cfg
File: graphics.cfg 2010/04/23 v1.9 graphics configuration of TeX Live
)
Package graphics Info: Driver file: pdftex.def on input line 95.
)
\Gin@req@height=\dimen107
\Gin@req@width=\dimen108
)
(./report.aux)
\openout1 = `report.aux'.

LaTeX Font Info:    Checking defaults for OML/pxmi/m/it on input line 30.
LaTeX Font Info:    Try loading font information for OML+pxmi on input line 30.

 (/usr/share/texlive/texmf-dist/tex/latex/pxfonts/omlpxmi.fd
File: omlpxmi.fd 2000/12/14 v1.0
)
LaTeX Font Info:    ... okay on input line 30.
LaTeX Font Info:    Checking defaults for T1/cmr/m/n on input line 30.
LaTeX Font Info:    ... okay on input line 30.
LaTeX Font Info:    Checking defaults for OT1/cmr/m/n on input line 30.
LaTeX Font Info:    ... okay on input line 30.
LaTeX Font Info:    Checking defaults for OMS/pxsy/m/n on input line 30.
LaTeX Font Info:    Try loading font information for OMS+pxsy on input line 30.


(/usr/share/texlive/texmf-dist/tex/latex/pxfonts/omspxsy.fd
File: omspxsy.fd 2000/12/14 v1.0
)
LaTeX Font Info:    ... okay on input line 30.
LaTeX Font Info:    Checking defaults for OMX/pxex/m/n on input line 30.
LaTeX Font Info:    Try loading font information for OMX+pxex on input line 30.


(/usr/share/texlive/texmf-dist/tex/latex/pxfonts/omxpxex.fd
File: omxpxex.fd 2000/12/14 v1.0
)
LaTeX Font Info:    ... okay on input line 30.
LaTeX Font Info:    Checking defaults for U/pxexa/m/n on input line 30.
LaTeX Font Info:    Try loading font information for U+pxexa on input line 30.

(/usr/share/texlive/texmf-dist/tex/latex/pxfonts/upxexa.fd
File: upxexa.fd 2000/12/14 v1.0
)
LaTeX Font Info:    ... okay on input line 30.
LaTeX Font Info:    Try loading font information for T1+pxr on input line 30.

(/usr/share/texlive/texmf-dist/tex/latex/pxfonts/t1pxr.fd
File: t1pxr.fd 2000/12/14 v1.0
)
\c@lstlisting=\count96

(/usr/share/texlive/texmf-dist/tex/context/base/supp-pdf.mkii
[Loading MPS to PDF converter (version 2006.09.02).]
\scratchcounter=\count97
\scratchdimen=\dimen109
\scratchbox=\box28
\nofMPsegments=\count98
\nofMParguments=\count99
\everyMPshowfont=\toks16
\MPscratchCnt=\count100
\MPscratchDim=\dimen110
\MPnumerator=\count101
\makeMPintoPDFobject=\count102
\everyMPtoPDFconversion=\toks17
) (/usr/share/texlive/texmf-dist/tex/generic/oberdiek/pdftexcmds.sty
Package: pdftexcmds 2011/11/29 v0.20 Utility functions of pdfTeX for LuaTeX (HO
)

(/usr/share/texlive/texmf-dist/tex/generic/oberdiek/ifluatex.sty
Package: ifluatex 2010/03/01 v1.3 Provides the ifluatex switch (HO)
Package ifluatex Info: LuaTeX not detected.
)
(/usr/share/texlive/texmf-dist/tex/generic/oberdiek/ifpdf.sty
Package: ifpdf 2011/01/30 v2.3 Provides the ifpdf switch (HO)
Package ifpdf Info: pdfTeX in PDF mode is detected.
)
Package pdftexcmds Info: LuaTeX not detected.
Package pdftexcmds Info: \pdf@primitive is available.
Package pdftexcmds Info: \pdf@ifprimitive is available.
Package pdftexcmds Info: \pdfdraftmode found.
)
(/usr/share/texlive/texmf-dist/tex/latex/oberdiek/epstopdf-base.sty
Package: epstopdf-base 2010/02/09 v2.5 Base part for package epstopdf

(/usr/share/texlive/texmf-dist/tex/latex/oberdiek/grfext.sty
Package: grfext 2010/08/19 v1.1 Manage graphics extensions (HO)

(/usr/share/texlive/texmf-dist/tex/generic/oberdiek/kvdefinekeys.sty
Package: kvdefinekeys 2011/04/07 v1.3 Define keys (HO)
))
(/usr/share/texlive/texmf-dist/tex/latex/oberdiek/kvoptions.sty
Package: kvoptions 2011/06/30 v3.11 Key value format for package options (HO)

(/usr/share/texlive/texmf-dist/tex/generic/oberdiek/kvsetkeys.sty
Package: kvsetkeys 2012/04/25 v1.16 Key value parser (HO)

(/usr/share/texlive/texmf-dist/tex/generic/oberdiek/etexcmds.sty
Package: etexcmds 2011/02/16 v1.5 Avoid name clashes with e-TeX commands (HO)
Package etexcmds Info: Could not find \expanded.
(etexcmds)             That can mean that you are not using pdfTeX 1.50 or
(etexcmds)             that some package has redefined \expanded.
(etexcmds)             In the latter case, load this package earlier.
)))
Package grfext Info: Graphics extension search list:
(grfext)             [.png,.pdf,.jpg,.mps,.jpeg,.jbig2,.jb2,.PNG,.PDF,.JPG,.JPE
G,.JBIG2,.JB2,.eps]
(grfext)             \AppendGraphicsExtensions on input line 452.

(/usr/share/texlive/texmf-dist/tex/latex/latexconfig/epstopdf-sys.cfg
File: epstopdf-sys.cfg 2010/07/13 v1.3 Configuration of (r)epstopdf for TeX Liv
e
))
LaTeX Font Info:    Try loading font information for OT1+pxr on input line 32.

(/usr/share/texlive/texmf-dist/tex/latex/pxfonts/ot1pxr.fd
File: ot1pxr.fd 2000/12/14 v1.0
)
LaTeX Font Info:    Try loading font information for U+pxmia on input line 32.

(/usr/share/texlive/texmf-dist/tex/latex/pxfonts/upxmia.fd
File: upxmia.fd 2000/12/14 v1.0
)
LaTeX Font Info:    Try loading font information for U+pxsya on input line 32.

(/usr/share/texlive/texmf-dist/tex/latex/pxfonts/upxsya.fd
File: upxsya.fd 2000/12/14 v1.0
)
LaTeX Font Info:    Try loading font information for U+pxsyb on input line 32.

(/usr/share/texlive/texmf-dist/tex/latex/pxfonts/upxsyb.fd
File: utxsyb.fd 2000/12/14 v1.0
)
LaTeX Font Info:    Try loading font information for U+pxsyc on input line 32.

(/usr/share/texlive/texmf-dist/tex/latex/pxfonts/upxsyc.fd
File: upxsyc.fd 2000/12/14 v1.0
) (./1152_1.table

LaTeX Warning: No positions in optional float specifier.
               Default added (so using `tbp') on input line 1.

) (./1152_1.tex
\gptboxheight=\skip43
\gptboxwidth=\skip44
\gptboxtext=\box29
Package epstopdf Info: Source file: <1152_1.eps>
(epstopdf)                    date: 2016-10-31 17:27:23
(epstopdf)                    size: 20361 bytes
(epstopdf)             Output file: <1152_1-eps-converted-to.pdf>
(epstopdf)                    date: 2016-10-31 17:27:34
(epstopdf)                    size: 3149 bytes
(epstopdf)             Command: <repstopdf --outfile=1152_1-eps-converted-to.pd
f 1152_1.eps>
(epstopdf)             \includegraphics on input line 130.
Package epstopdf Info: Output file is already uptodate.
 <1152_1-eps-converted-to.pdf, id=1, 361.35pt x 252.945pt>
File: 1152_1-eps-converted-to.pdf Graphic file (type pdf)

<use 1152_1-eps-converted-to.pdf>
Package pdftex.def Info: 1152_1-eps-converted-to.pdf used on input line 130.
(pdftex.def)             Requested size: 361.34912pt x 252.94438pt.
)
Overfull \hbox (16.34033pt too wide) in paragraph at lines 132--42
[][] 
 []

(./1152_4.table

LaTeX Warning: No positions in optional float specifier.
               Default added (so using `tbp') on input line 1.

) (./1152_4.tex
Package epstopdf Info: Source file: <1152_4.eps>
(epstopdf)                    date: 2016-10-31 17:27:23
(epstopdf)                    size: 20911 bytes
(epstopdf)             Output file: <1152_4-eps-converted-to.pdf>
(epstopdf)                    date: 2016-10-31 17:27:34
(epstopdf)                    size: 3213 bytes
(epstopdf)             Command: <repstopdf --outfile=1152_4-eps-converted-to.pd
f 1152_4.eps>
(epstopdf)             \includegraphics on input line 138.
Package epstopdf Info: Output file is already uptodate.
 <1152_4-eps-converted-to.pdf, id=2, 361.35pt x 252.945pt>
File: 1152_4-eps-converted-to.pdf Graphic file (type pdf)

<use 1152_4-eps-converted-to.pdf>
Package pdftex.def Info: 1152_4-eps-converted-to.pdf used on input line 138.
(pdftex.def)             Requested size: 361.34912pt x 252.94438pt.
)
Overfull \hbox (16.34033pt too wide) in paragraph at lines 140--54
[][] 
 []

(./1440_1.table

LaTeX Warning: No positions in optional float specifier.
               Default added (so using `tbp') on input line 1.

) (./1440_1.tex
Package epstopdf Info: Source file: <1440_1.eps>
(epstopdf)                    date: 2016-10-31 17:27:23
(epstopdf)                    size: 20667 bytes
(epstopdf)             Output file: <1440_1-eps-converted-to.pdf>
(epstopdf)                    date: 2016-10-31 17:27:35
(epstopdf)                    size: 3192 bytes
(epstopdf)             Command: <repstopdf --outfile=1440_1-eps-converted-to.pd
f 1440_1.eps>
(epstopdf)             \includegraphics on input line 134.
Package epstopdf Info: Output file is already uptodate.
 <1440_1-eps-converted-to.pdf, id=3, 361.35pt x 252.945pt>
File: 1440_1-eps-converted-to.pdf Graphic file (type pdf)

<use 1440_1-eps-converted-to.pdf>
Package pdftex.def Info: 1440_1-eps-converted-to.pdf used on input line 134.
(pdftex.def)             Requested size: 361.34912pt x 252.94438pt.
)
Overfull \hbox (16.34033pt too wide) in paragraph at lines 136--66
[][] 
 []

(./1440_4.table

LaTeX Warning: No positions in optional float specifier.
               Default added (so using `tbp') on input line 1.

) (./1440_4.tex
Package epstopdf Info: Source file: <1440_4.eps>
(epstopdf)                    date: 2016-10-31 17:27:23
(epstopdf)                    size: 20321 bytes
(epstopdf)             Output file: <1440_4-eps-converted-to.pdf>
(epstopdf)                    date: 2016-10-31 17:27:35
(epstopdf)                    size: 3132 bytes
(epstopdf)             Command: <repstopdf --outfile=1440_4-eps-converted-to.pd
f 1440_4.eps>
(epstopdf)             \includegraphics on input line 130.
Package epstopdf Info: Output file is already uptodate.
 <1440_4-eps-converted-to.pdf, id=4, 361.35pt x 252.945pt>
File: 1440_4-eps-converted-to.pdf Graphic file (type pdf)

<use 1440_4-eps-converted-to.pdf>
Package pdftex.def Info: 1440_4-eps-converted-to.pdf used on input line 130.
(pdftex.def)             Requested size: 361.34912pt x 252.94438pt.
)
Overfull \hbox (16.34033pt too wide) in paragraph at lines 132--78
[][] 
 []

(./2304_1.table

LaTeX Warning: No positions in optional float specifier.
               Default added (so using `tbp') on input line 1.

) (./2304_1.tex
Package epstopdf Info: Source file: <2304_1.eps>
(epstopdf)                    date: 2016-10-31 17:27:23
(epstopdf)                    size: 20357 bytes
(epstopdf)             Output file: <2304_1-eps-converted-to.pdf>
(epstopdf)                    date: 2016-10-31 17:27:35
(epstopdf)                    size: 3148 bytes
(epstopdf)             Command: <repstopdf --outfile=2304_1-eps-converted-to.pd
f 2304_1.eps>
(epstopdf)             \includegraphics on input line 130.
Package epstopdf Info: Output file is already uptodate.
 <2304_1-eps-converted-to.pdf, id=5, 361.35pt x 252.945pt>
File: 2304_1-eps-converted-to.pdf Graphic file (type pdf)

<use 2304_1-eps-converted-to.pdf>
Package pdftex.def Info: 2304_1-eps-converted-to.pdf used on input line 130.
(pdftex.def)             Requested size: 361.34912pt x 252.94438pt.
)
Overfull \hbox (16.34033pt too wide) in paragraph at lines 132--90
[][] 
 []

(./2304_4.table

LaTeX Warning: No positions in optional float specifier.
               Default added (so using `tbp') on input line 1.

[1

{/var/lib/texmf/fonts/map/pdftex/updmap/pdftex.map}] [2 <./1152_1-eps-converted
-to.pdf>] [3 <./1152_4-eps-converted-to.pdf> <./1440_1-eps-converted-to.pdf>] [
4 <./1440_4-eps-converted-to.pdf>]) (./2304_4.tex
Package epstopdf Info: Source file: <2304_4.eps>
(epstopdf)                    date: 2016-10-31 17:27:23
(epstopdf)                    size: 20178 bytes
(epstopdf)             Output file: <2304_4-eps-converted-to.pdf>
(epstopdf)                    date: 2016-10-31 17:27:36
(epstopdf)                    size: 3120 bytes
(epstopdf)             Command: <repstopdf --outfile=2304_4-eps-converted-to.pd
f 2304_4.eps>
(epstopdf)             \includegraphics on input line 128.
Package epstopdf Info: Output file is already uptodate.

<2304_4-eps-converted-to.pdf, id=32, 361.35pt x 252.945pt>
File: 2304_4-eps-converted-to.pdf Graphic file (type pdf)

<use 2304_4-eps-converted-to.pdf>
Package pdftex.def Info: 2304_4-eps-converted-to.pdf used on input line 128.
(pdftex.def)             Requested size: 361.34912pt x 252.94438pt.
)
Overfull \hbox (16.34033pt too wide) in paragraph at lines 130--102
[][] 
 []

(./3600_1.table

LaTeX Warning: No positions in optional float specifier.
               Default added (so using `tbp') on input line 1.

) (./3600_1.tex
Package epstopdf Info: Source file: <3600_1.eps>
(epstopdf)                    date: 2016-10-31 17:27:23
(epstopdf)                    size: 20948 bytes
(epstopdf)             Output file: <3600_1-eps-converted-to.pdf>
(epstopdf)                    date: 2016-10-31 17:27:36
(epstopdf)                    size: 3230 bytes
(epstopdf)             Command: <repstopdf --outfile=3600_1-eps-converted-to.pd
f 3600_1.eps>
(epstopdf)             \includegraphics on input line 138.
Package epstopdf Info: Output file is already uptodate.
 <3600_1-eps-converted-to.pdf, id=33, 361.35pt x 252.945pt>
File: 3600_1-eps-converted-to.pdf Graphic file (type pdf)

<use 3600_1-eps-converted-to.pdf>
Package pdftex.def Info: 3600_1-eps-converted-to.pdf used on input line 138.
(pdftex.def)             Requested size: 361.34912pt x 252.94438pt.
)
Overfull \hbox (16.34033pt too wide) in paragraph at lines 140--114
[][] 
 []

(./3600_4.table

LaTeX Warning: No positions in optional float specifier.
               Default added (so using `tbp') on input line 1.

) (./3600_4.tex
Package epstopdf Info: Source file: <3600_4.eps>
(epstopdf)                    date: 2016-10-31 17:27:23
(epstopdf)                    size: 20322 bytes
(epstopdf)             Output file: <3600_4-eps-converted-to.pdf>
(epstopdf)                    date: 2016-10-31 17:27:36
(epstopdf)                    size: 3137 bytes
(epstopdf)             Command: <repstopdf --outfile=3600_4-eps-converted-to.pd
f 3600_4.eps>
(epstopdf)             \includegraphics on input line 130.
Package epstopdf Info: Output file is already uptodate.
 <3600_4-eps-converted-to.pdf, id=34, 361.35pt x 252.945pt>
File: 3600_4-eps-converted-to.pdf Graphic file (type pdf)

<use 3600_4-eps-converted-to.pdf>
Package pdftex.def Info: 3600_4-eps-converted-to.pdf used on input line 130.
(pdftex.def)             Requested size: 361.34912pt x 252.94438pt.
)
Overfull \hbox (16.34033pt too wide) in paragraph at lines 132--126
[][] 
 []

(./5040_1.table

LaTeX Warning: No positions in optional float specifier.
               Default added (so using `tbp') on input line 1.

[5 <./2304_1-eps-converted-to.pdf>] [6 <./2304_4-eps-converted-to.pdf>]
[7 <./3600_1-eps-converted-to.pdf> <./3600_4-eps-converted-to.pdf>])
(./5040_1.tex
Package epstopdf Info: Source file: <5040_1.eps>
(epstopdf)                    date: 2016-10-31 17:27:23
(epstopdf)                    size: 20945 bytes
(epstopdf)             Output file: <5040_1-eps-converted-to.pdf>
(epstopdf)                    date: 2016-10-31 17:27:37
(epstopdf)                    size: 3223 bytes
(epstopdf)             Command: <repstopdf --outfile=5040_1-eps-converted-to.pd
f 5040_1.eps>
(epstopdf)             \includegraphics on input line 138.
Package epstopdf Info: Output file is already uptodate.
 <5040_1-eps-converted-to.pdf, id=53, 361.35pt x 252.945pt>
File: 5040_1-eps-converted-to.pdf Graphic file (type pdf)

<use 5040_1-eps-converted-to.pdf>
Package pdftex.def Info: 5040_1-eps-converted-to.pdf used on input line 138.
(pdftex.def)             Requested size: 361.34912pt x 252.94438pt.
)
Overfull \hbox (16.34033pt too wide) in paragraph at lines 140--138
[][] 
 []

(./5040_4.table

LaTeX Warning: No positions in optional float specifier.
               Default added (so using `tbp') on input line 1.

) (./5040_4.tex
Package epstopdf Info: Source file: <5040_4.eps>
(epstopdf)                    date: 2016-10-31 17:27:23
(epstopdf)                    size: 20625 bytes
(epstopdf)             Output file: <5040_4-eps-converted-to.pdf>
(epstopdf)                    date: 2016-10-31 17:27:37
(epstopdf)                    size: 3181 bytes
(epstopdf)             Command: <repstopdf --outfile=5040_4-eps-converted-to.pd
f 5040_4.eps>
(epstopdf)             \includegraphics on input line 134.
Package epstopdf Info: Output file is already uptodate.
 <5040_4-eps-converted-to.pdf, id=54, 361.35pt x 252.945pt>
File: 5040_4-eps-converted-to.pdf Graphic file (type pdf)

<use 5040_4-eps-converted-to.pdf>
Package pdftex.def Info: 5040_4-eps-converted-to.pdf used on input line 134.
(pdftex.def)             Requested size: 361.34912pt x 252.94438pt.
)
Overfull \hbox (16.34033pt too wide) in paragraph at lines 136--150
[][] 
 []

[8 <./5040_1-eps-converted-to.pdf>] [9 <./5040_4-eps-converted-to.pdf>]
(./report.aux) ) 
Here is how much of TeX's memory you used:
 3877 strings out of 493029
 52720 string characters out of 6136234
 125280 words of memory out of 5000000
 7289 multiletter control sequences out of 15000+600000
 32360 words of font info for 91 fonts, out of 8000000 for 9000
 1141 hyphenation exceptions out of 8191
 37i,8n,32p,232b,306s stack positions out of 5000i,500n,10000p,200000b,80000s
{/usr/share/texlive/texmf-dist/fonts/enc/dvips/base/8r.enc}</us
r/share/texlive/texmf-dist/fonts/type1/public/pxfonts/rpxb.pfb></usr/share/texl
ive/texmf-dist/fonts/type1/public/pxfonts/rpxr.pfb></usr/share/texlive/texmf-di
st/fonts/type1/urw/palatino/uplb8a.pfb></usr/share/texlive/texmf-dist/fonts/typ
e1/urw/palatino/uplr8a.pfb>
Output written on report.pdf (9 pages, 56907 bytes).
PDF statistics:
 81 PDF objects out of 1000 (max. 8388607)
 55 compressed objects within 1 object stream
 0 named destinations out of 1000 (max. 500000)
 51 words of extra memory for PDF output out of 10000 (max. 10000000)

