This file contains any messages produced by compilers while
running configure, to aid debugging if configure makes a mistake.

It was created by popc configure 2.5, which was
generated by GNU Autoconf 2.68.  Invocation command line was

  $ ./configure 

## --------- ##
## Platform. ##
## --------- ##

hostname = oneuser
uname -m = i686
uname -r = 3.13.0-32-generic
uname -s = Linux
uname -v = #57-Ubuntu SMP Tue Jul 15 03:51:12 UTC 2014

/usr/bin/uname -p = unknown
/bin/uname -X     = unknown

/bin/arch              = unknown
/usr/bin/arch -k       = unknown
/usr/convex/getsysinfo = unknown
/usr/bin/hostinfo      = unknown
/bin/machine           = unknown
/usr/bin/oslevel       = unknown
/bin/universe          = unknown

PATH: /usr/local/sbin
PATH: /usr/local/bin
PATH: /usr/sbin
PATH: /usr/bin
PATH: /sbin
PATH: /bin
PATH: /usr/games
PATH: /usr/local/games


## ----------- ##
## Core tests. ##
## ----------- ##

configure:2345: checking for a BSD-compatible install
configure:2413: result: /usr/bin/install -c
configure:2424: checking whether build environment is sane
configure:2474: result: yes
configure:2615: checking for a thread-safe mkdir -p
configure:2654: result: /bin/mkdir -p
configure:2667: checking for gawk
configure:2697: result: no
configure:2667: checking for mawk
configure:2683: found /usr/bin/mawk
configure:2694: result: mawk
configure:2705: checking whether make sets $(MAKE)
configure:2727: result: yes
configure:2818: checking build system type
configure:2832: result: i686-pc-linux-gnu
configure:2852: checking host system type
configure:2865: result: i686-pc-linux-gnu
configure:3095: checking for bison
configure:3125: result: no
configure:3095: checking for byacc
configure:3125: result: no
configure:3192: checking for g++
configure:3208: found /usr/bin/g++
configure:3219: result: g++
configure:3246: checking for C++ compiler version
configure:3255: g++ --version >&5
g++ (Ubuntu 4.8.4-2ubuntu1~14.04.3) 4.8.4
Copyright (C) 2013 Free Software Foundation, Inc.
This is free software; see the source for copying conditions.  There is NO
warranty; not even for MERCHANTABILITY or FITNESS FOR A PARTICULAR PURPOSE.

configure:3266: $? = 0
configure:3255: g++ -v >&5
Using built-in specs.
COLLECT_GCC=g++
COLLECT_LTO_WRAPPER=/usr/lib/gcc/i686-linux-gnu/4.8/lto-wrapper
Target: i686-linux-gnu
Configured with: ../src/configure -v --with-pkgversion='Ubuntu 4.8.4-2ubuntu1~14.04.3' --with-bugurl=file:///usr/share/doc/gcc-4.8/README.Bugs --enable-languages=c,c++,java,go,d,fortran,objc,obj-c++ --prefix=/usr --program-suffix=-4.8 --enable-shared --enable-linker-build-id --libexecdir=/usr/lib --without-included-gettext --enable-threads=posix --with-gxx-include-dir=/usr/include/c++/4.8 --libdir=/usr/lib --enable-nls --with-sysroot=/ --enable-clocale=gnu --enable-libstdcxx-debug --enable-libstdcxx-time=yes --enable-gnu-unique-object --disable-libmudflap --enable-plugin --with-system-zlib --disable-browser-plugin --enable-java-awt=gtk --enable-gtk-cairo --with-java-home=/usr/lib/jvm/java-1.5.0-gcj-4.8-i386/jre --enable-java-home --with-jvm-root-dir=/usr/lib/jvm/java-1.5.0-gcj-4.8-i386 --with-jvm-jar-dir=/usr/lib/jvm-exports/java-1.5.0-gcj-4.8-i386 --with-arch-directory=i386 --with-ecj-jar=/usr/share/java/eclipse-ecj.jar --enable-objc-gc --enable-targets=all --enable-multiarch --disable-werror --with-arch-32=i686 --with-multilib-list=m32,m64,mx32 --with-tune=generic --enable-checking=release --build=i686-linux-gnu --host=i686-linux-gnu --target=i686-linux-gnu
Thread model: posix
gcc version 4.8.4 (Ubuntu 4.8.4-2ubuntu1~14.04.3) 
configure:3266: $? = 0
configure:3255: g++ -V >&5
g++: error: unrecognized command line option '-V'
g++: fatal error: no input files
compilation terminated.
configure:3266: $? = 4
configure:3255: g++ -qversion >&5
g++: error: unrecognized command line option '-qversion'
g++: fatal error: no input files
compilation terminated.
configure:3266: $? = 4
configure:3286: checking whether the C++ compiler works
configure:3308: g++    conftest.cpp  >&5
configure:3312: $? = 0
configure:3360: result: yes
configure:3363: checking for C++ compiler default output file name
configure:3365: result: a.out
configure:3371: checking for suffix of executables
configure:3378: g++ -o conftest    conftest.cpp  >&5
configure:3382: $? = 0
configure:3404: result: 
configure:3426: checking whether we are cross compiling
configure:3434: g++ -o conftest    conftest.cpp  >&5
configure:3438: $? = 0
configure:3445: ./conftest
configure:3449: $? = 0
configure:3464: result: no
configure:3469: checking for suffix of object files
configure:3491: g++ -c   conftest.cpp >&5
configure:3495: $? = 0
configure:3516: result: o
configure:3520: checking whether we are using the GNU C++ compiler
configure:3539: g++ -c   conftest.cpp >&5
configure:3539: $? = 0
configure:3548: result: yes
configure:3557: checking whether g++ accepts -g
configure:3577: g++ -c -g  conftest.cpp >&5
configure:3577: $? = 0
configure:3618: result: yes
configure:3647: checking how to run the C++ preprocessor
configure:3674: g++ -E  conftest.cpp
configure:3674: $? = 0
configure:3688: g++ -E  conftest.cpp
conftest.cpp:11:28: fatal error: ac_nonexistent.h: No such file or directory
 #include <ac_nonexistent.h>
                            ^
compilation terminated.
configure:3688: $? = 1
configure: failed program was:
| /* confdefs.h */
| #define PACKAGE_NAME "popc"
| #define PACKAGE_TARNAME "popc"
| #define PACKAGE_VERSION "2.5"
| #define PACKAGE_STRING "popc 2.5"
| #define PACKAGE_BUGREPORT ""
| #define PACKAGE_URL ""
| #define PACKAGE "popc"
| #define VERSION "2.5"
| /* end confdefs.h.  */
| #include <ac_nonexistent.h>
configure:3713: result: g++ -E
configure:3733: g++ -E  conftest.cpp
configure:3733: $? = 0
configure:3747: g++ -E  conftest.cpp
conftest.cpp:11:28: fatal error: ac_nonexistent.h: No such file or directory
 #include <ac_nonexistent.h>
                            ^
compilation terminated.
configure:3747: $? = 1
configure: failed program was:
| /* confdefs.h */
| #define PACKAGE_NAME "popc"
| #define PACKAGE_TARNAME "popc"
| #define PACKAGE_VERSION "2.5"
| #define PACKAGE_STRING "popc 2.5"
| #define PACKAGE_BUGREPORT ""
| #define PACKAGE_URL ""
| #define PACKAGE "popc"
| #define VERSION "2.5"
| /* end confdefs.h.  */
| #include <ac_nonexistent.h>
configure:3780: checking for flex
configure:3810: result: no
configure:3780: checking for lex
configure:3810: result: no
configure:3935: checking whether ln -s works
configure:3939: result: yes
configure:3946: checking whether make sets $(MAKE)
configure:3968: result: yes
configure:4024: checking how to print strings
configure:4051: result: printf
configure:4120: checking for gcc
configure:4136: found /usr/bin/gcc
configure:4147: result: gcc
configure:4376: checking for C compiler version
configure:4385: gcc --version >&5
gcc (Ubuntu 4.8.4-2ubuntu1~14.04.3) 4.8.4
Copyright (C) 2013 Free Software Foundation, Inc.
This is free software; see the source for copying conditions.  There is NO
warranty; not even for MERCHANTABILITY or FITNESS FOR A PARTICULAR PURPOSE.

configure:4396: $? = 0
configure:4385: gcc -v >&5
Using built-in specs.
COLLECT_GCC=gcc
COLLECT_LTO_WRAPPER=/usr/lib/gcc/i686-linux-gnu/4.8/lto-wrapper
Target: i686-linux-gnu
Configured with: ../src/configure -v --with-pkgversion='Ubuntu 4.8.4-2ubuntu1~14.04.3' --with-bugurl=file:///usr/share/doc/gcc-4.8/README.Bugs --enable-languages=c,c++,java,go,d,fortran,objc,obj-c++ --prefix=/usr --program-suffix=-4.8 --enable-shared --enable-linker-build-id --libexecdir=/usr/lib --without-included-gettext --enable-threads=posix --with-gxx-include-dir=/usr/include/c++/4.8 --libdir=/usr/lib --enable-nls --with-sysroot=/ --enable-clocale=gnu --enable-libstdcxx-debug --enable-libstdcxx-time=yes --enable-gnu-unique-object --disable-libmudflap --enable-plugin --with-system-zlib --disable-browser-plugin --enable-java-awt=gtk --enable-gtk-cairo --with-java-home=/usr/lib/jvm/java-1.5.0-gcj-4.8-i386/jre --enable-java-home --with-jvm-root-dir=/usr/lib/jvm/java-1.5.0-gcj-4.8-i386 --with-jvm-jar-dir=/usr/lib/jvm-exports/java-1.5.0-gcj-4.8-i386 --with-arch-directory=i386 --with-ecj-jar=/usr/share/java/eclipse-ecj.jar --enable-objc-gc --enable-targets=all --enable-multiarch --disable-werror --with-arch-32=i686 --with-multilib-list=m32,m64,mx32 --with-tune=generic --enable-checking=release --build=i686-linux-gnu --host=i686-linux-gnu --target=i686-linux-gnu
Thread model: posix
gcc version 4.8.4 (Ubuntu 4.8.4-2ubuntu1~14.04.3) 
configure:4396: $? = 0
configure:4385: gcc -V >&5
gcc: error: unrecognized command line option '-V'
gcc: fatal error: no input files
compilation terminated.
configure:4396: $? = 4
configure:4385: gcc -qversion >&5
gcc: error: unrecognized command line option '-qversion'
gcc: fatal error: no input files
compilation terminated.
configure:4396: $? = 4
configure:4400: checking whether we are using the GNU C compiler
configure:4419: gcc -c   conftest.c >&5
configure:4419: $? = 0
configure:4428: result: yes
configure:4437: checking whether gcc accepts -g
configure:4457: gcc -c -g  conftest.c >&5
configure:4457: $? = 0
configure:4498: result: yes
configure:4515: checking for gcc option to accept ISO C89
configure:4579: gcc  -c -g -O2  conftest.c >&5
configure:4579: $? = 0
configure:4592: result: none needed
configure:4612: checking for a sed that does not truncate output
configure:4676: result: /bin/sed
configure:4694: checking for grep that handles long lines and -e
configure:4752: result: /bin/grep
configure:4757: checking for egrep
configure:4819: result: /bin/grep -E
configure:4824: checking for fgrep
configure:4886: result: /bin/grep -F
configure:4921: checking for ld used by gcc
configure:4988: result: /usr/bin/ld
configure:4995: checking if the linker (/usr/bin/ld) is GNU ld
configure:5010: result: yes
configure:5022: checking for BSD- or MS-compatible name lister (nm)
configure:5071: result: /usr/bin/nm -B
configure:5201: checking the name lister (/usr/bin/nm -B) interface
configure:5208: g++ -c -g -O2  conftest.cpp >&5
configure:5211: /usr/bin/nm -B "conftest.o"
configure:5214: output
00000000 B some_variable
configure:5221: result: BSD nm
configure:5225: checking the maximum length of command line arguments
configure:5355: result: 1572864
configure:5372: checking whether the shell understands some XSI constructs
configure:5382: result: yes
configure:5386: checking whether the shell understands "+="
configure:5392: result: yes
configure:5427: checking how to convert i686-pc-linux-gnu file names to i686-pc-linux-gnu format
configure:5467: result: func_convert_file_noop
configure:5474: checking how to convert i686-pc-linux-gnu file names to toolchain format
configure:5494: result: func_convert_file_noop
configure:5501: checking for /usr/bin/ld option to reload object files
configure:5508: result: -r
configure:5582: checking for objdump
configure:5598: found /usr/bin/objdump
configure:5609: result: objdump
configure:5641: checking how to recognize dependent libraries
configure:5843: result: pass_all
configure:5928: checking for dlltool
configure:5958: result: no
configure:5988: checking how to associate runtime and link libraries
configure:6015: result: printf %s\n
configure:6075: checking for ar
configure:6091: found /usr/bin/ar
configure:6102: result: ar
configure:6139: checking for archiver @FILE support
configure:6156: g++ -c -g -O2  conftest.cpp >&5
configure:6156: $? = 0
configure:6159: ar cru libconftest.a @conftest.lst >&5
configure:6162: $? = 0
configure:6167: ar cru libconftest.a @conftest.lst >&5
ar: conftest.o: No such file or directory
configure:6170: $? = 1
configure:6182: result: @
configure:6240: checking for strip
configure:6256: found /usr/bin/strip
configure:6267: result: strip
configure:6339: checking for ranlib
configure:6355: found /usr/bin/ranlib
configure:6366: result: ranlib
configure:6468: checking command to parse /usr/bin/nm -B output from gcc object
configure:6588: g++ -c -g -O2  conftest.cpp >&5
configure:6591: $? = 0
configure:6595: /usr/bin/nm -B conftest.o \| sed -n -e 's/^.*[ ]\([ABCDGIRSTW][ABCDGIRSTW]*\)[ ][ ]*\([_A-Za-z][_A-Za-z0-9]*\)$/\1 \2 \2/p' | sed '/ __gnu_lto/d' \> conftest.nm
configure:6598: $? = 0
configure:6664: g++ -o conftest -g -O2   conftest.cpp conftstm.o >&5
configure:6667: $? = 0
configure:6705: result: ok
configure:6742: checking for sysroot
configure:6772: result: no
configure:7029: checking for mt
configure:7045: found /bin/mt
configure:7056: result: mt
configure:7079: checking if mt is a manifest tool
configure:7085: mt '-?'
configure:7093: result: no
configure:7735: checking how to run the C preprocessor
configure:7766: gcc -E  conftest.c
configure:7766: $? = 0
configure:7780: gcc -E  conftest.c
conftest.c:11:28: fatal error: ac_nonexistent.h: No such file or directory
 #include <ac_nonexistent.h>
                            ^
compilation terminated.
configure:7780: $? = 1
configure: failed program was:
| /* confdefs.h */
| #define PACKAGE_NAME "popc"
| #define PACKAGE_TARNAME "popc"
| #define PACKAGE_VERSION "2.5"
| #define PACKAGE_STRING "popc 2.5"
| #define PACKAGE_BUGREPORT ""
| #define PACKAGE_URL ""
| #define PACKAGE "popc"
| #define VERSION "2.5"
| /* end confdefs.h.  */
| #include <ac_nonexistent.h>
configure:7805: result: gcc -E
configure:7825: gcc -E  conftest.c
configure:7825: $? = 0
configure:7839: gcc -E  conftest.c
conftest.c:11:28: fatal error: ac_nonexistent.h: No such file or directory
 #include <ac_nonexistent.h>
                            ^
compilation terminated.
configure:7839: $? = 1
configure: failed program was:
| /* confdefs.h */
| #define PACKAGE_NAME "popc"
| #define PACKAGE_TARNAME "popc"
| #define PACKAGE_VERSION "2.5"
| #define PACKAGE_STRING "popc 2.5"
| #define PACKAGE_BUGREPORT ""
| #define PACKAGE_URL ""
| #define PACKAGE "popc"
| #define VERSION "2.5"
| /* end confdefs.h.  */
| #include <ac_nonexistent.h>
configure:7868: checking for ANSI C header files
configure:7888: gcc -c -g -O2  conftest.c >&5
configure:7888: $? = 0
configure:7961: gcc -o conftest -g -O2   conftest.c  >&5
configure:7961: $? = 0
configure:7961: ./conftest
configure:7961: $? = 0
configure:7972: result: yes
configure:7985: checking for sys/types.h
configure:7985: gcc -c -g -O2  conftest.c >&5
configure:7985: $? = 0
configure:7985: result: yes
configure:7985: checking for sys/stat.h
configure:7985: gcc -c -g -O2  conftest.c >&5
configure:7985: $? = 0
configure:7985: result: yes
configure:7985: checking for stdlib.h
configure:7985: gcc -c -g -O2  conftest.c >&5
configure:7985: $? = 0
configure:7985: result: yes
configure:7985: checking for string.h
configure:7985: gcc -c -g -O2  conftest.c >&5
configure:7985: $? = 0
configure:7985: result: yes
configure:7985: checking for memory.h
configure:7985: gcc -c -g -O2  conftest.c >&5
configure:7985: $? = 0
configure:7985: result: yes
configure:7985: checking for strings.h
configure:7985: gcc -c -g -O2  conftest.c >&5
configure:7985: $? = 0
configure:7985: result: yes
configure:7985: checking for inttypes.h
configure:7985: gcc -c -g -O2  conftest.c >&5
configure:7985: $? = 0
configure:7985: result: yes
configure:7985: checking for stdint.h
configure:7985: gcc -c -g -O2  conftest.c >&5
configure:7985: $? = 0
configure:7985: result: yes
configure:7985: checking for unistd.h
configure:7985: gcc -c -g -O2  conftest.c >&5
configure:7985: $? = 0
configure:7985: result: yes
configure:7999: checking for dlfcn.h
configure:7999: gcc -c -g -O2  conftest.c >&5
configure:7999: $? = 0
configure:7999: result: yes
configure:8215: checking for objdir
configure:8230: result: .libs
configure:8497: checking if gcc supports -fno-rtti -fno-exceptions
configure:8515: gcc -c -g -O2  -fno-rtti -fno-exceptions conftest.c >&5
cc1: warning: command line option '-fno-rtti' is valid for C++/ObjC++ but not for C [enabled by default]
configure:8519: $? = 0
configure:8532: result: no
configure:8859: checking for gcc option to produce PIC
configure:8866: result: -fPIC -DPIC
configure:8874: checking if gcc PIC flag -fPIC -DPIC works
configure:8892: gcc -c -g -O2  -fPIC -DPIC -DPIC conftest.c >&5
configure:8896: $? = 0
configure:8909: result: yes
configure:8938: checking if gcc static flag -static works
configure:8966: result: yes
configure:8981: checking if gcc supports -c -o file.o
configure:9002: gcc -c -g -O2  -o out/conftest2.o conftest.c >&5
configure:9006: $? = 0
configure:9028: result: yes
configure:9036: checking if gcc supports -c -o file.o
configure:9083: result: yes
configure:9116: checking whether the gcc linker (/usr/bin/ld) supports shared libraries
configure:10269: result: yes
configure:10306: checking whether -lc should be explicitly linked in
configure:10314: gcc -c -g -O2  conftest.c >&5
configure:10317: $? = 0
configure:10332: gcc -shared  -fPIC -DPIC conftest.o  -v -Wl,-soname -Wl,conftest -o conftest 2\>\&1 \| /bin/grep  -lc  \>/dev/null 2\>\&1
configure:10335: $? = 0
configure:10349: result: no
configure:10509: checking dynamic linker characteristics
configure:11020: gcc -o conftest -g -O2   -Wl,-rpath -Wl,/foo conftest.c  >&5
configure:11020: $? = 0
configure:11242: result: GNU/Linux ld.so
configure:11349: checking how to hardcode library paths into programs
configure:11374: result: immediate
configure:11914: checking whether stripping libraries is possible
configure:11919: result: yes
configure:11954: checking if libtool supports shared libraries
configure:11956: result: yes
configure:11959: checking whether to build shared libraries
configure:11980: result: yes
configure:11983: checking whether to build static libraries
configure:11987: result: yes
configure:12010: checking how to run the C++ preprocessor
configure:12076: result: g++ -E
configure:12096: g++ -E  conftest.cpp
configure:12096: $? = 0
configure:12110: g++ -E  conftest.cpp
conftest.cpp:23:28: fatal error: ac_nonexistent.h: No such file or directory
 #include <ac_nonexistent.h>
                            ^
compilation terminated.
configure:12110: $? = 1
configure: failed program was:
| /* confdefs.h */
| #define PACKAGE_NAME "popc"
| #define PACKAGE_TARNAME "popc"
| #define PACKAGE_VERSION "2.5"
| #define PACKAGE_STRING "popc 2.5"
| #define PACKAGE_BUGREPORT ""
| #define PACKAGE_URL ""
| #define PACKAGE "popc"
| #define VERSION "2.5"
| #define STDC_HEADERS 1
| #define HAVE_SYS_TYPES_H 1
| #define HAVE_SYS_STAT_H 1
| #define HAVE_STDLIB_H 1
| #define HAVE_STRING_H 1
| #define HAVE_MEMORY_H 1
| #define HAVE_STRINGS_H 1
| #define HAVE_INTTYPES_H 1
| #define HAVE_STDINT_H 1
| #define HAVE_UNISTD_H 1
| #define HAVE_DLFCN_H 1
| #define LT_OBJDIR ".libs/"
| /* end confdefs.h.  */
| #include <ac_nonexistent.h>
configure:12279: checking for ld used by g++
configure:12346: result: /usr/bin/ld
configure:12353: checking if the linker (/usr/bin/ld) is GNU ld
configure:12368: result: yes
configure:12423: checking whether the g++ linker (/usr/bin/ld) supports shared libraries
configure:13428: result: yes
configure:13464: g++ -c -g -O2  conftest.cpp >&5
configure:13467: $? = 0
configure:13987: checking for g++ option to produce PIC
configure:13994: result: -fPIC -DPIC
configure:14002: checking if g++ PIC flag -fPIC -DPIC works
configure:14020: g++ -c -g -O2  -fPIC -DPIC -DPIC conftest.cpp >&5
configure:14024: $? = 0
configure:14037: result: yes
configure:14060: checking if g++ static flag -static works
configure:14088: result: yes
configure:14100: checking if g++ supports -c -o file.o
configure:14121: g++ -c -g -O2  -o out/conftest2.o conftest.cpp >&5
configure:14125: $? = 0
configure:14147: result: yes
configure:14152: checking if g++ supports -c -o file.o
configure:14199: result: yes
configure:14229: checking whether the g++ linker (/usr/bin/ld) supports shared libraries
configure:14265: result: yes
configure:14406: checking dynamic linker characteristics
configure:15073: result: GNU/Linux ld.so
configure:15126: checking how to hardcode library paths into programs
configure:15151: result: immediate
configure:15214: checking for pthread_create in -lpthread
configure:15239: g++ -o conftest -g -O2   conftest.cpp -lpthread   >&5
configure:15239: $? = 0
configure:15248: result: yes
configure:15259: checking for gethostbyname in -lnsl
configure:15284: g++ -o conftest -g -O2   conftest.cpp -lnsl  -lpthread  >&5
configure:15284: $? = 0
configure:15293: result: yes
configure:15304: checking for socket in -lsocket
configure:15329: g++ -o conftest -g -O2   conftest.cpp -lsocket  -lnsl -lpthread  >&5
/usr/bin/ld: cannot find -lsocket
collect2: error: ld returned 1 exit status
configure:15329: $? = 1
configure: failed program was:
| /* confdefs.h */
| #define PACKAGE_NAME "popc"
| #define PACKAGE_TARNAME "popc"
| #define PACKAGE_VERSION "2.5"
| #define PACKAGE_STRING "popc 2.5"
| #define PACKAGE_BUGREPORT ""
| #define PACKAGE_URL ""
| #define PACKAGE "popc"
| #define VERSION "2.5"
| #define STDC_HEADERS 1
| #define HAVE_SYS_TYPES_H 1
| #define HAVE_SYS_STAT_H 1
| #define HAVE_STDLIB_H 1
| #define HAVE_STRING_H 1
| #define HAVE_MEMORY_H 1
| #define HAVE_STRINGS_H 1
| #define HAVE_INTTYPES_H 1
| #define HAVE_STDINT_H 1
| #define HAVE_UNISTD_H 1
| #define HAVE_DLFCN_H 1
| #define LT_OBJDIR ".libs/"
| #define HAVE_LIBPTHREAD 1
| #define HAVE_LIBNSL 1
| /* end confdefs.h.  */
| 
| /* Override any GCC internal prototype to avoid an error.
|    Use char because int might match the return type of a GCC
|    builtin and then its argument prototype would still apply.  */
| #ifdef __cplusplus
| extern "C"
| #endif
| char socket ();
| int
| main ()
| {
| return socket ();
|   ;
|   return 0;
| }
configure:15338: result: no
configure:15349: checking for dlopen in -ldl
configure:15374: g++ -o conftest -g -O2   conftest.cpp -ldl  -lnsl -lpthread  >&5
configure:15374: $? = 0
configure:15383: result: yes
configure:15437: checking for socklen_t
configure:15437: g++ -c -g -O2  conftest.cpp >&5
configure:15437: $? = 0
configure:15437: g++ -c -g -O2  conftest.cpp >&5
conftest.cpp: In function 'int main()':
conftest.cpp:62:23: error: expected primary-expression before ')' token
 if (sizeof ((socklen_t)))
                       ^
configure:15437: $? = 1
configure: failed program was:
| /* confdefs.h */
| #define PACKAGE_NAME "popc"
| #define PACKAGE_TARNAME "popc"
| #define PACKAGE_VERSION "2.5"
| #define PACKAGE_STRING "popc 2.5"
| #define PACKAGE_BUGREPORT ""
| #define PACKAGE_URL ""
| #define PACKAGE "popc"
| #define VERSION "2.5"
| #define STDC_HEADERS 1
| #define HAVE_SYS_TYPES_H 1
| #define HAVE_SYS_STAT_H 1
| #define HAVE_STDLIB_H 1
| #define HAVE_STRING_H 1
| #define HAVE_MEMORY_H 1
| #define HAVE_STRINGS_H 1
| #define HAVE_INTTYPES_H 1
| #define HAVE_STDINT_H 1
| #define HAVE_UNISTD_H 1
| #define HAVE_DLFCN_H 1
| #define LT_OBJDIR ".libs/"
| #define HAVE_LIBPTHREAD 1
| #define HAVE_LIBNSL 1
| #define HAVE_LIBDL 1
| /* end confdefs.h.  */
| #include <stdio.h>
| #ifdef HAVE_SYS_TYPES_H
| # include <sys/types.h>
| #endif
| #ifdef HAVE_SYS_STAT_H
| # include <sys/stat.h>
| #endif
| #ifdef STDC_HEADERS
| # include <stdlib.h>
| # include <stddef.h>
| #else
| # ifdef HAVE_STDLIB_H
| #  include <stdlib.h>
| # endif
| #endif
| #ifdef HAVE_STRING_H
| # if !defined STDC_HEADERS && defined HAVE_MEMORY_H
| #  include <memory.h>
| # endif
| # include <string.h>
| #endif
| #ifdef HAVE_STRINGS_H
| # include <strings.h>
| #endif
| #ifdef HAVE_INTTYPES_H
| # include <inttypes.h>
| #endif
| #ifdef HAVE_STDINT_H
| # include <stdint.h>
| #endif
| #ifdef HAVE_UNISTD_H
| # include <unistd.h>
| #endif
| int
| main ()
| {
| if (sizeof ((socklen_t)))
| 	    return 0;
|   ;
|   return 0;
| }
configure:15437: result: yes
configure:15443: checking dynamic linking executable
configure:15459: g++ -o conftest -g -O2   -rdynamic conftest.cpp -ldl -lnsl -lpthread  >&5
configure:15459: $? = 0
configure:15460: result: yes
configure:15720: creating ./config.status

## ---------------------- ##
## Running config.status. ##
## ---------------------- ##

This file was extended by popc config.status 2.5, which was
generated by GNU Autoconf 2.68.  Invocation command line was

  CONFIG_FILES    = 
  CONFIG_HEADERS  = 
  CONFIG_LINKS    = 
  CONFIG_COMMANDS = 
  $ ./config.status 

on oneuser

config.status:1203: creating parser/popcc.cc
config.status:1203: creating scripts/popcrun
config.status:1203: creating services/popcobjrun
config.status:1203: creating scripts/popc-user-env.sh
config.status:1203: creating scripts/popc-user-env.csh
config.status:1203: creating scripts/popc-runtime-env.in
config.status:1203: creating scripts/popc_setup
config.status:1203: creating globus/popc_setup_globus
config.status:1203: creating scripts/popc_script_setup
config.status:1203: creating Makefile
config.status:1203: creating scripts/Makefile
config.status:1203: creating parser/Makefile
config.status:1203: creating include/Makefile
config.status:1203: creating lib/Makefile
config.status:1203: creating services/Makefile
config.status:1203: creating globus/Makefile
config.status:1203: creating mpi/Makefile
config.status:1203: creating model/Makefile
config.status:1203: creating modules/Makefile
config.status:1203: creating modules/raw-zlib/Makefile
config.status:1203: creating modules/xdr-zlib/Makefile
config.status:1203: creating config.h
config.status:1444: linking lib/debug.cc to parser/debug.cc
config.status:1444: linking lib/utils.cc to parser/utils.cc
config.status:1444: linking lib/jobmgr.ph to include/jobmgr.ph
config.status:1444: linking lib/popc_search_node.cc to include/popc_search_node.ph
config.status:1444: linking lib/codemgr.ph to include/codemgr.ph
config.status:1444: linking lib/remotelog.ph to include/remotelog.ph
config.status:1444: linking lib/appservice.ph to include/appservice.ph
config.status:1444: linking lib/batchmgr.ph to include/batchmgr.ph
config.status:1444: linking lib/objectmonitor.ph to include/objectmonitor.ph
config.status:1444: linking lib/paroc_service_base.ph to include/paroc_service_base.ph
config.status:1463: executing libtool commands

## ---------------- ##
## Cache variables. ##
## ---------------- ##

ac_cv_build=i686-pc-linux-gnu
ac_cv_c_compiler_gnu=yes
ac_cv_cxx_compiler_gnu=yes
ac_cv_env_CCC_set=
ac_cv_env_CCC_value=
ac_cv_env_CC_set=
ac_cv_env_CC_value=
ac_cv_env_CFLAGS_set=
ac_cv_env_CFLAGS_value=
ac_cv_env_CPPFLAGS_set=
ac_cv_env_CPPFLAGS_value=
ac_cv_env_CPP_set=
ac_cv_env_CPP_value=
ac_cv_env_CXXCPP_set=
ac_cv_env_CXXCPP_value=
ac_cv_env_CXXFLAGS_set=
ac_cv_env_CXXFLAGS_value=
ac_cv_env_CXX_set=
ac_cv_env_CXX_value=
ac_cv_env_LDFLAGS_set=
ac_cv_env_LDFLAGS_value=
ac_cv_env_LIBS_set=
ac_cv_env_LIBS_value=
ac_cv_env_YACC_set=
ac_cv_env_YACC_value=
ac_cv_env_YFLAGS_set=
ac_cv_env_YFLAGS_value=
ac_cv_env_build_alias_set=
ac_cv_env_build_alias_value=
ac_cv_env_host_alias_set=
ac_cv_env_host_alias_value=
ac_cv_env_target_alias_set=
ac_cv_env_target_alias_value=
ac_cv_header_dlfcn_h=yes
ac_cv_header_inttypes_h=yes
ac_cv_header_memory_h=yes
ac_cv_header_stdc=yes
ac_cv_header_stdint_h=yes
ac_cv_header_stdlib_h=yes
ac_cv_header_string_h=yes
ac_cv_header_strings_h=yes
ac_cv_header_sys_stat_h=yes
ac_cv_header_sys_types_h=yes
ac_cv_header_unistd_h=yes
ac_cv_host=i686-pc-linux-gnu
ac_cv_lib_dl_dlopen=yes
ac_cv_lib_nsl_gethostbyname=yes
ac_cv_lib_pthread_pthread_create=yes
ac_cv_lib_socket_socket=no
ac_cv_objext=o
ac_cv_path_EGREP='/bin/grep -E'
ac_cv_path_FGREP='/bin/grep -F'
ac_cv_path_GREP=/bin/grep
ac_cv_path_SED=/bin/sed
ac_cv_path_install='/usr/bin/install -c'
ac_cv_path_mkdir=/bin/mkdir
ac_cv_prog_AWK=mawk
ac_cv_prog_CPP='gcc -E'
ac_cv_prog_CXXCPP='g++ -E'
ac_cv_prog_ac_ct_AR=ar
ac_cv_prog_ac_ct_CC=gcc
ac_cv_prog_ac_ct_CXX=g++
ac_cv_prog_ac_ct_MANIFEST_TOOL=mt
ac_cv_prog_ac_ct_OBJDUMP=objdump
ac_cv_prog_ac_ct_RANLIB=ranlib
ac_cv_prog_ac_ct_STRIP=strip
ac_cv_prog_cc_c89=
ac_cv_prog_cc_g=yes
ac_cv_prog_cxx_g=yes
ac_cv_prog_make_make_set=yes
ac_cv_type_socklen_t=yes
lt_cv_ar_at_file=@
lt_cv_archive_cmds_need_lc=no
lt_cv_deplibs_check_method=pass_all
lt_cv_file_magic_cmd='$MAGIC_CMD'
lt_cv_file_magic_test_file=
lt_cv_ld_reload_flag=-r
lt_cv_nm_interface='BSD nm'
lt_cv_objdir=.libs
lt_cv_path_LD=/usr/bin/ld
lt_cv_path_LDCXX=/usr/bin/ld
lt_cv_path_NM='/usr/bin/nm -B'
lt_cv_path_mainfest_tool=no
lt_cv_prog_compiler_c_o=yes
lt_cv_prog_compiler_c_o_CXX=yes
lt_cv_prog_compiler_pic='-fPIC -DPIC'
lt_cv_prog_compiler_pic_CXX='-fPIC -DPIC'
lt_cv_prog_compiler_pic_works=yes
lt_cv_prog_compiler_pic_works_CXX=yes
lt_cv_prog_compiler_rtti_exceptions=no
lt_cv_prog_compiler_static_works=yes
lt_cv_prog_compiler_static_works_CXX=yes
lt_cv_prog_gnu_ld=yes
lt_cv_prog_gnu_ldcxx=yes
lt_cv_sharedlib_from_linklib_cmd='printf %s\n'
lt_cv_shlibpath_overrides_runpath=no
lt_cv_sys_global_symbol_pipe='sed -n -e '\''s/^.*[	 ]\([ABCDGIRSTW][ABCDGIRSTW]*\)[	 ][	 ]*\([_A-Za-z][_A-Za-z0-9]*\)$/\1 \2 \2/p'\'' | sed '\''/ __gnu_lto/d'\'''
lt_cv_sys_global_symbol_to_c_name_address='sed -n -e '\''s/^: \([^ ]*\)[ ]*$/  {\"\1\", (void *) 0},/p'\'' -e '\''s/^[ABCDGIRSTW]* \([^ ]*\) \([^ ]*\)$/  {"\2", (void *) \&\2},/p'\'''
lt_cv_sys_global_symbol_to_c_name_address_lib_prefix='sed -n -e '\''s/^: \([^ ]*\)[ ]*$/  {\"\1\", (void *) 0},/p'\'' -e '\''s/^[ABCDGIRSTW]* \([^ ]*\) \(lib[^ ]*\)$/  {"\2", (void *) \&\2},/p'\'' -e '\''s/^[ABCDGIRSTW]* \([^ ]*\) \([^ ]*\)$/  {"lib\2", (void *) \&\2},/p'\'''
lt_cv_sys_global_symbol_to_cdecl='sed -n -e '\''s/^T .* \(.*\)$/extern int \1();/p'\'' -e '\''s/^[ABCDGIRSTW]* .* \(.*\)$/extern char \1;/p'\'''
lt_cv_sys_max_cmd_len=1572864
lt_cv_to_host_file_cmd=func_convert_file_noop
lt_cv_to_tool_file_cmd=func_convert_file_noop

## ----------------- ##
## Output variables. ##
## ----------------- ##

ACLOCAL='${SHELL} /home/oneuser/Uni/distributed_systems/assignment_3/popcpp_2.5_build_20120927/missing --run aclocal-1.11'
AMTAR='${SHELL} /home/oneuser/Uni/distributed_systems/assignment_3/popcpp_2.5_build_20120927/missing --run tar'
AR='ar'
AUTOCONF='${SHELL} /home/oneuser/Uni/distributed_systems/assignment_3/popcpp_2.5_build_20120927/missing --run autoconf'
AUTOHEADER='${SHELL} /home/oneuser/Uni/distributed_systems/assignment_3/popcpp_2.5_build_20120927/missing --run autoheader'
AUTOMAKE='${SHELL} /home/oneuser/Uni/distributed_systems/assignment_3/popcpp_2.5_build_20120927/missing --run automake-1.11'
AWK='mawk'
CC='gcc'
CFLAGS='-g -O2'
CPP='gcc -E'
CPPFLAGS=''
CXX='g++'
CXXCPP='g++ -E'
CXXFLAGS='-g -O2'
CYGPATH_W='echo'
DEFS='-DHAVE_CONFIG_H'
DLLTOOL='false'
DSYMUTIL=''
DUMPBIN=''
ECHO_C=''
ECHO_N='-n'
ECHO_T=''
EGREP='/bin/grep -E'
EXEEXT=''
FGREP='/bin/grep -F'
GLOBUS_FALSE=''
GLOBUS_TRUE='#'
GREP='/bin/grep'
INSTALL_DATA='${INSTALL} -m 644'
INSTALL_PROGRAM='${INSTALL}'
INSTALL_SCRIPT='${INSTALL}'
INSTALL_STRIP_PROGRAM='$(install_sh) -c -s'
LD='/usr/bin/ld'
LDFLAGS=''
LEX=':'
LEXLIB=''
LEX_OUTPUT_ROOT=''
LIBOBJS=''
LIBS='-ldl -lnsl -lpthread '
LIBTOOL='$(SHELL) $(top_builddir)/libtool'
LINUX_FALSE='#'
LINUX_TRUE=''
LIPO=''
LN_S='ln -s'
LTLIBOBJS=''
MAKEINFO='${SHELL} /home/oneuser/Uni/distributed_systems/assignment_3/popcpp_2.5_build_20120927/missing --run makeinfo'
MANIFEST_TOOL=':'
MKDIR_P='/bin/mkdir -p'
MPISUPPORT_FALSE=''
MPISUPPORT_TRUE='#'
NM='/usr/bin/nm -B'
NMEDIT=''
OBJDUMP='objdump'
OBJEXT='o'
OTOOL64=''
OTOOL=''
PACKAGE='popc'
PACKAGE_BUGREPORT=''
PACKAGE_NAME='popc'
PACKAGE_STRING='popc 2.5'
PACKAGE_TARNAME='popc'
PACKAGE_URL=''
PACKAGE_VERSION='2.5'
PATH_SEPARATOR=':'
RANLIB='ranlib'
SECURESUPPORT_FALSE=''
SECURESUPPORT_TRUE='#'
SED='/bin/sed'
SET_MAKE=''
SHELL='/bin/bash'
STANDARDSUPPORT_FALSE='#'
STANDARDSUPPORT_TRUE=''
STRIP='strip'
VERSION='2.5'
VIRTSECURESUPPORT_FALSE=''
VIRTSECURESUPPORT_TRUE='#'
VIRTSUPPORT_FALSE=''
VIRTSUPPORT_TRUE='#'
VIX_CFLAGS=''
VIX_LIBS=''
YACC='yacc'
YFLAGS=''
ac_ct_AR='ar'
ac_ct_CC='gcc'
ac_ct_CXX='g++'
ac_ct_DUMPBIN=''
am__EXEEXT_FALSE=''
am__EXEEXT_TRUE='#'
am__isrc=''
am__leading_dot='.'
am__tar='${AMTAR} chof - "$$tardir"'
am__untar='${AMTAR} xf -'
bindir='${exec_prefix}/bin'
build='i686-pc-linux-gnu'
build_alias=''
build_cpu='i686'
build_os='linux-gnu'
build_vendor='pc'
datadir='${datarootdir}'
datarootdir='${prefix}/share'
docdir='${datarootdir}/doc/${PACKAGE_TARNAME}'
dvidir='${docdir}'
exec_prefix='${prefix}'
globusdir=''
globusflavor=''
host='i686-pc-linux-gnu'
host_alias=''
host_cpu='i686'
host_kernel='Linux'
host_os='linux-gnu'
host_vendor='pc'
htmldir='${docdir}'
includedir='${prefix}/include'
infodir='${datarootdir}/info'
install_sh='${SHELL} /home/oneuser/Uni/distributed_systems/assignment_3/popcpp_2.5_build_20120927/install-sh'
libdir='${exec_prefix}/lib'
libexecdir='${exec_prefix}/libexec'
localedir='${datarootdir}/locale'
localstatedir='${prefix}/var'
mandir='${datarootdir}/man'
mkdir_p='/bin/mkdir -p'
oldincludedir='/usr/include'
pdfdir='${docdir}'
prefix='/usr/local/popc'
program_transform_name='s,x,x,'
psdir='${docdir}'
sbindir='${exec_prefix}/sbin'
secure='false'
sharedstatedir='${prefix}/com'
sysconfdir='${prefix}/etc'
target_alias=''
virtsecure='false'
virtual='false'

## ----------- ##
## confdefs.h. ##
## ----------- ##

/* confdefs.h */
#define PACKAGE_NAME "popc"
#define PACKAGE_TARNAME "popc"
#define PACKAGE_VERSION "2.5"
#define PACKAGE_STRING "popc 2.5"
#define PACKAGE_BUGREPORT ""
#define PACKAGE_URL ""
#define PACKAGE "popc"
#define VERSION "2.5"
#define STDC_HEADERS 1
#define HAVE_SYS_TYPES_H 1
#define HAVE_SYS_STAT_H 1
#define HAVE_STDLIB_H 1
#define HAVE_STRING_H 1
#define HAVE_MEMORY_H 1
#define HAVE_STRINGS_H 1
#define HAVE_INTTYPES_H 1
#define HAVE_STDINT_H 1
#define HAVE_UNISTD_H 1
#define HAVE_DLFCN_H 1
#define LT_OBJDIR ".libs/"
#define HAVE_LIBPTHREAD 1
#define HAVE_LIBNSL 1
#define HAVE_LIBDL 1
#define POPC_EXTRA_LINK "-rdynamic"

configure: exit 0
