This is pdfTeX, Version 3.14159265-2.6-1.40.16 (TeX Live 2015/Debian) (preloaded format=pdflatex 2016.10.2)  9 OCT 2016 11:12
entering extended mode
 restricted \write18 enabled.
 %&-line parsing enabled.
**assignment2.pdf
(./assignment2.pdf
LaTeX2e <2016/02/01>
Babel <3.9q> and hyphenation patterns for 81 language(s) loaded.

! LaTeX Error: Missing \begin{document}.

See the LaTeX manual or LaTeX Companion for explanation.
Type  H <return>  for immediate help.
 ...                                              
                                                  
l.3 6
      0 obj
? 
Missing character: There is no 6 in font nullfont!
Missing character: There is no 0 in font nullfont!
Missing character: There is no o in font nullfont!
Missing character: There is no b in font nullfont!
Missing character: There is no j in font nullfont!
Missing character: There is no < in font nullfont!
Missing character: There is no < in font nullfont!
Missing character: There is no / in font nullfont!
Missing character: There is no L in font nullfont!
Missing character: There is no e in font nullfont!
Missing character: There is no n in font nullfont!
Missing character: There is no g in font nullfont!
Missing character: There is no t in font nullfont!
Missing character: There is no h in font nullfont!
Missing character: There is no 7 in font nullfont!
Missing character: There is no 0 in font nullfont!
Missing character: There is no R in font nullfont!
Missing character: There is no / in font nullfont!
Missing character: There is no F in font nullfont!
Missing character: There is no i in font nullfont!
Missing character: There is no l in font nullfont!
Missing character: There is no t in font nullfont!
Missing character: There is no e in font nullfont!
Missing character: There is no r in font nullfont!
Missing character: There is no / in font nullfont!
Missing character: There is no F in font nullfont!
Missing character: There is no l in font nullfont!
Missing character: There is no a in font nullfont!
Missing character: There is no t in font nullfont!
Missing character: There is no e in font nullfont!
Missing character: There is no D in font nullfont!
Missing character: There is no e in font nullfont!
Missing character: There is no c in font nullfont!
Missing character: There is no o in font nullfont!
Missing character: There is no d in font nullfont!
Missing character: There is no e in font nullfont!
Missing character: There is no > in font nullfont!
Missing character: There is no > in font nullfont!
Missing character: There is no s in font nullfont!
Missing character: There is no t in font nullfont!
Missing character: There is no r in font nullfont!
Missing character: There is no e in font nullfont!
Missing character: There is no a in font nullfont!
Missing character: There is no m in font nullfont!
Missing character: There is no x in font nullfont!
Missing character: There is no œ in font nullfont!
Missing character: There is no í in font nullfont!
! Too many }'s.
l.6 xœí}
        ]“¥Çm^Ê—ó+ÎåL*søöw·o\–¥ª0q^^RÙÙ„^^W¶/Èá’ËÒ,I-IYü_ù^^A^^^ ^^[èsÎJTÙ¾...

? 
! Interruption.
<to be read again> 
                   ]
l.6 xœí}]
         “¥Çm^Ê—ó+ÎåL*søöw·o\–¥ª0q^^RÙÙ„^^W¶/Èá’ËÒ,I-IYü_ù^^A^^^ ^^[èsÎJTÙ¾...

? 
Missing character: There is no ] in font nullfont!
Missing character: There is no “ in font nullfont!
Missing character: There is no ¥ in font nullfont!
Missing character: There is no Ç in font nullfont!
Missing character: There is no m in font nullfont!
! Missing $ inserted.
<inserted text> 
                $
l.6 xœí}]“¥Çm^
              Ê—ó+ÎåL*søöw·o\–¥ª0q^^RÙÙ„^^W¶/Èá’ËÒ,I-IYü_ù^^A^^^ ^^[èsÎJTÙ¾...

? 
LaTeX Font Info:    External font `cmex10' loaded for size
(Font)              <7> on input line 6.
LaTeX Font Info:    External font `cmex10' loaded for size
(Font)              <5> on input line 6.
! Undefined control sequence.
l.6 xœí}]“¥Çm^Ê—ó+ÎåL*søöw·o\–
                              ¥ª0q^^RÙÙ„^^W¶/Èá’ËÒ,I-IYü_ù^^A^^^ ^^[èsÎJTÙ¾...

? ^^[d
Type <return> to proceed, S to scroll future error messages,
R to run without stopping, Q to run quietly,
I to insert something, E to edit your file,
1 or ... or 9 to ignore the next 1 to 9 tokens of input,
H for help, X to quit.
? 
! Text line contains an invalid character.
l.6 xœí}]“¥Çm^Ê—ó+ÎåL*søöw·o\–¥ª0q^^R
                                     ÙÙ„^^W¶/Èá’ËÒ,I-IYü_ù^^A^^^ ^^[èsÎJTÙ¾...

? ^^[d
Type <return> to proceed, S to scroll future error messages,
R to run without stopping, Q to run quietly,
I to insert something, E to edit your file,
H for help, X to quit.
? 
! Interruption.
<to be read again> 
                   Ù
l.6 xœí}]“¥Çm^Ê—ó+ÎåL*søöw·o\–¥ª0q^^RÙ
                                      Ù„^^W¶/Èá’ËÒ,I-IYü_ù^^A^^^ ^^[èsÎJTÙ¾...

? 
! Text line contains an invalid character.
l.6 xœí}]“¥Çm^Ê—ó+ÎåL*søöw·o\–¥ª0q^^RÙÙ„^^W
                                           ¶/Èá’ËÒ,I-IYü_ù^^A^^^ ^^[èsÎJTÙ¾...

? 
! Text line contains an invalid character.
l.6 ...åL*søöw·o\–¥ª0q^^RÙÙ„^^W¶/Èá’ËÒ,I-IYü_ù^^A
                                                  ^^^ ^^[èsÎJTÙ¾;¥¢fyû
? ^^[d^^[d^^[s^^[c^^[c^^[c^^[x
Type <return> to proceed, S to scroll future error messages,
R to run without stopping, Q to run quietly,
I to insert something, E to edit your file,
H for help, X to quit.
? 
! Text line contains an invalid character.
l.6 ...søöw·o\–¥ª0q^^RÙÙ„^^W¶/Èá’ËÒ,I-IYü_ù^^A^^^
                                                   ^^[èsÎJTÙ¾;¥¢fyû
? x
 
Here is how much of TeX's memory you used:
 7 strings out of 493029
 178 string characters out of 6136234
 53063 words of memory out of 5000000
 3643 multiletter control sequences out of 15000+600000
 3640 words of font info for 14 fonts, out of 8000000 for 9000
 1141 hyphenation exceptions out of 8191
 18i,1n,12p,104b,56s stack positions out of 5000i,500n,10000p,200000b,80000s
No pages of output.
PDF statistics:
 0 PDF objects out of 1000 (max. 8388607)
 0 named destinations out of 1000 (max. 500000)
 1 words of extra memory for PDF output out of 10000 (max. 10000000)

